0 info it worked if it ends with ok
1 verbose cli [ '/usr/local/bin/node', '/usr/local/bin/npm', 'run', 'dev' ]
2 info using npm@3.10.8
3 info using node@v6.9.1
4 verbose run-script [ 'predev', 'dev', 'postdev' ]
5 info lifecycle marketplaceSpa@0.0.0~predev: marketplaceSpa@0.0.0
6 silly lifecycle marketplaceSpa@0.0.0~predev: no script for predev, continuing
7 info lifecycle marketplaceSpa@0.0.0~dev: marketplaceSpa@0.0.0
8 verbose lifecycle marketplaceSpa@0.0.0~dev: unsafe-perm in lifecycle true
9 verbose lifecycle marketplaceSpa@0.0.0~dev: PATH: /usr/local/lib/node_modules/npm/bin/node-gyp-bin:/media/gtrujillo/dca3c0e6-cc9d-4a1b-ae12-9f395c5e1390/dev/angular/marketplace_spa/node_modules/.bin:/home/gtrujillo/.rvm/gems/ruby-2.3.1/bin:/home/gtrujillo/.rvm/gems/ruby-2.3.1@global/bin:/home/gtrujillo/.rvm/rubies/ruby-2.3.1/bin:/home/gtrujillo/.rvm/bin:/home/gtrujillo/.npm-packages/bin:/home/gtrujillo/.asdf/bin:/home/gtrujillo/.asdf/shims:/usr/local/heroku/bin:/home/gtrujillo/.asdf/bin:/home/gtrujillo/.asdf/shims:/usr/local/heroku/bin:/home/gtrujillo/.asdf/bin:/home/gtrujillo/.asdf/shims:/usr/local/heroku/bin:/home/gtrujillo/.asdf/bin:/home/gtrujillo/.asdf/shims:/usr/local/heroku/bin:/home/gtrujillo/.asdf/bin:/home/gtrujillo/.asdf/shims:/usr/local/heroku/bin:/usr/local/sbin:/usr/local/bin:/usr/sbin:/usr/bin:/sbin:/bin:/usr/games:/usr/local/games:/usr/lib/jvm/java-8-oracle/bin:/usr/lib/jvm/java-8-oracle/db/bin:/usr/lib/jvm/java-8-oracle/jre/bin:~/.rvm/bin:~/.rvm/bin:/usr/lib/jvm/java-8-oracle/bin:/usr/lib/jvm/java-8-oracle/db/bin:/usr/lib/jvm/java-8-oracle/jre/bin:~/.rvm/bin:~/.rvm/bin:~/.rvm/bin
10 verbose lifecycle marketplaceSpa@0.0.0~dev: CWD: /media/gtrujillo/dca3c0e6-cc9d-4a1b-ae12-9f395c5e1390/dev/angular/marketplace_spa
11 silly lifecycle marketplaceSpa@0.0.0~dev: Args: [ '-c', 'gulp dev' ]
12 silly lifecycle marketplaceSpa@0.0.0~dev: Returned: code: 1  signal: null
13 info lifecycle marketplaceSpa@0.0.0~dev: Failed to exec dev script
14 verbose stack Error: marketplaceSpa@0.0.0 dev: `gulp dev`
14 verbose stack Exit status 1
14 verbose stack     at EventEmitter.<anonymous> (/usr/local/lib/node_modules/npm/lib/utils/lifecycle.js:255:16)
14 verbose stack     at emitTwo (events.js:106:13)
14 verbose stack     at EventEmitter.emit (events.js:191:7)
14 verbose stack     at ChildProcess.<anonymous> (/usr/local/lib/node_modules/npm/lib/utils/spawn.js:40:14)
14 verbose stack     at emitTwo (events.js:106:13)
14 verbose stack     at ChildProcess.emit (events.js:191:7)
14 verbose stack     at maybeClose (internal/child_process.js:877:16)
14 verbose stack     at Process.ChildProcess._handle.onexit (internal/child_process.js:226:5)
15 verbose pkgid marketplaceSpa@0.0.0
16 verbose cwd /media/gtrujillo/dca3c0e6-cc9d-4a1b-ae12-9f395c5e1390/dev/angular/marketplace_spa
17 error Linux 4.4.0-78-generic
18 error argv "/usr/local/bin/node" "/usr/local/bin/npm" "run" "dev"
19 error node v6.9.1
20 error npm  v3.10.8
21 error code ELIFECYCLE
22 error marketplaceSpa@0.0.0 dev: `gulp dev`
22 error Exit status 1
23 error Failed at the marketplaceSpa@0.0.0 dev script 'gulp dev'.
23 error Make sure you have the latest version of node.js and npm installed.
23 error If you do, this is most likely a problem with the marketplaceSpa package,
23 error not with npm itself.
23 error Tell the author that this fails on your system:
23 error     gulp dev
23 error You can get information on how to open an issue for this project with:
23 error     npm bugs marketplaceSpa
23 error Or if that isn't available, you can get their info via:
23 error     npm owner ls marketplaceSpa
23 error There is likely additional logging output above.
24 verbose exit [ 1, true ]
